# JRE version: OpenJDK Runtime Environment (8.0_152-b02) (build 1.8.0_152-release-1024-b02)
# Java VM: OpenJDK 64-Bit Server VM (25.152-b02 mixed mode windows-amd64 compressed oops)
Heap:
 PSYoungGen      total 308224K, used 63756K [0x00000000e0000000, 0x00000000fb780000, 0x0000000100000000)
  eden space 227840K, 7% used [0x00000000e0000000,0x00000000e0fb5428,0x00000000ede80000)
  from space 80384K, 59% used [0x00000000ede80000,0x00000000f0d0dce8,0x00000000f2d00000)
  to   space 81408K, 0% used [0x00000000f6800000,0x00000000f6800000,0x00000000fb780000)
 ParOldGen       total 204288K, used 94209K [0x00000000a0000000, 0x00000000ac780000, 0x00000000e0000000)
  object space 204288K, 46% used [0x00000000a0000000,0x00000000a5c00558,0x00000000ac780000)
 Metaspace       used 79323K, capacity 82236K, committed 82560K, reserved 1120256K
  class space    used 10089K, capacity 10749K, committed 10880K, reserved 1048576K
GC Heap History (10 events):
Event: 1307.897 GC heap before
{Heap before GC invocations=29 (full 4):
 PSYoungGen      total 263680K, used 227050K [0x00000000e0000000, 0x00000000f4180000, 0x0000000100000000)
  eden space 199168K, 100% used [0x00000000e0000000,0x00000000ec280000,0x00000000ec280000)
  from space 64512K, 43% used [0x00000000f0280000,0x00000000f1dba858,0x00000000f4180000)
  to   space 65024K, 0% used [0x00000000ec280000,0x00000000ec280000,0x00000000f0200000)
 ParOldGen       total 204288K, used 94177K [0x00000000a0000000, 0x00000000ac780000, 0x00000000e0000000)
  object space 204288K, 46% used [0x00000000a0000000,0x00000000a5bf8558,0x00000000ac780000)
 Metaspace       used 69497K, capacity 71810K, committed 72064K, reserved 1112064K
  class space    used 8936K, capacity 9504K, committed 9600K, reserved 1048576K
Event: 1308.255 GC heap after
Heap after GC invocations=29 (full 4):
 PSYoungGen      total 264192K, used 39775K [0x00000000e0000000, 0x00000000f5780000, 0x0000000100000000)
  eden space 199168K, 0% used [0x00000000e0000000,0x00000000e0000000,0x00000000ec280000)
  from space 65024K, 61% used [0x00000000ec280000,0x00000000ee957ce8,0x00000000f0200000)
  to   space 67072K, 0% used [0x00000000f1600000,0x00000000f1600000,0x00000000f5780000)
 ParOldGen       total 204288K, used 94177K [0x00000000a0000000, 0x00000000ac780000, 0x00000000e0000000)
  object space 204288K, 46% used [0x00000000a0000000,0x00000000a5bf8558,0x00000000ac780000)
 Metaspace       used 69497K, capacity 71810K, committed 72064K, reserved 1112064K
  class space    used 8936K, capacity 9504K, committed 9600K, reserved 1048576K
}
Event: 1334.031 GC heap before
{Heap before GC invocations=30 (full 4):
 PSYoungGen      total 264192K, used 238943K [0x00000000e0000000, 0x00000000f5780000, 0x0000000100000000)
  eden space 199168K, 100% used [0x00000000e0000000,0x00000000ec280000,0x00000000ec280000)
  from space 65024K, 61% used [0x00000000ec280000,0x00000000ee957ce8,0x00000000f0200000)
  to   space 67072K, 0% used [0x00000000f1600000,0x00000000f1600000,0x00000000f5780000)
 ParOldGen       total 204288K, used 94177K [0x00000000a0000000, 0x00000000ac780000, 0x00000000e0000000)
  object space 204288K, 46% used [0x00000000a0000000,0x00000000a5bf8558,0x00000000ac780000)
 Metaspace       used 69878K, capacity 72154K, committed 72320K, reserved 1112064K
  class space    used 8993K, capacity 9584K, committed 9600K, reserved 1048576K
Event: 1334.476 GC heap after
Heap after GC invocations=30 (full 4):
 PSYoungGen      total 279552K, used 48912K [0x00000000e0000000, 0x00000000f6180000, 0x0000000100000000)
  eden space 212480K, 0% used [0x00000000e0000000,0x00000000e0000000,0x00000000ecf80000)
  from space 67072K, 72% used [0x00000000f1600000,0x00000000f45c4048,0x00000000f5780000)
  to   space 72192K, 0% used [0x00000000ecf80000,0x00000000ecf80000,0x00000000f1600000)
 ParOldGen       total 204288K, used 94185K [0x00000000a0000000, 0x00000000ac780000, 0x00000000e0000000)
  object space 204288K, 46% used [0x00000000a0000000,0x00000000a5bfa558,0x00000000ac780000)
 Metaspace       used 69878K, capacity 72154K, committed 72320K, reserved 1112064K
  class space    used 8993K, capacity 9584K, committed 9600K, reserved 1048576K
}
Event: 1368.254 GC heap before
{Heap before GC invocations=31 (full 4):
 PSYoungGen      total 279552K, used 261392K [0x00000000e0000000, 0x00000000f6180000, 0x0000000100000000)
  eden space 212480K, 100% used [0x00000000e0000000,0x00000000ecf80000,0x00000000ecf80000)
  from space 67072K, 72% used [0x00000000f1600000,0x00000000f45c4048,0x00000000f5780000)
  to   space 72192K, 0% used [0x00000000ecf80000,0x00000000ecf80000,0x00000000f1600000)
 ParOldGen       total 204288K, used 94185K [0x00000000a0000000, 0x00000000ac780000, 0x00000000e0000000)
  object space 204288K, 46% used [0x00000000a0000000,0x00000000a5bfa558,0x00000000ac780000)
 Metaspace       used 78874K, capacity 81780K, committed 81920K, reserved 1120256K
  class space    used 10062K, capacity 10715K, committed 10752K, reserved 1048576K
Event: 1368.451 GC heap after
Heap after GC invocations=31 (full 4):
 PSYoungGen      total 284672K, used 55459K [0x00000000e0000000, 0x00000000f7980000, 0x0000000100000000)
  eden space 212480K, 0% used [0x00000000e0000000,0x00000000e0000000,0x00000000ecf80000)
  from space 72192K, 76% used [0x00000000ecf80000,0x00000000f05a8cb8,0x00000000f1600000)
  to   space 78336K, 0% used [0x00000000f2d00000,0x00000000f2d00000,0x00000000f7980000)
 ParOldGen       total 204288K, used 94193K [0x00000000a0000000, 0x00000000ac780000, 0x00000000e0000000)
  object space 204288K, 46% used [0x00000000a0000000,0x00000000a5bfc558,0x00000000ac780000)
 Metaspace       used 78874K, capacity 81780K, committed 81920K, reserved 1120256K
  class space    used 10062K, capacity 10715K, committed 10752K, reserved 1048576K
}
Event: 1387.408 GC heap before
{Heap before GC invocations=32 (full 4):
 PSYoungGen      total 284672K, used 267939K [0x00000000e0000000, 0x00000000f7980000, 0x0000000100000000)
  eden space 212480K, 100% used [0x00000000e0000000,0x00000000ecf80000,0x00000000ecf80000)
  from space 72192K, 76% used [0x00000000ecf80000,0x00000000f05a8cb8,0x00000000f1600000)
  to   space 78336K, 0% used [0x00000000f2d00000,0x00000000f2d00000,0x00000000f7980000)
 ParOldGen       total 204288K, used 94193K [0x00000000a0000000, 0x00000000ac780000, 0x00000000e0000000)
  object space 204288K, 46% used [0x00000000a0000000,0x00000000a5bfc558,0x00000000ac780000)
 Metaspace       used 79184K, capacity 82092K, committed 82304K, reserved 1120256K
  class space    used 10088K, capacity 10749K, committed 10880K, reserved 1048576K
Event: 1389.321 GC heap after
Heap after GC invocations=32 (full 4):
 PSYoungGen      total 306176K, used 48216K [0x00000000e0000000, 0x00000000f8a80000, 0x0000000100000000)
  eden space 227840K, 0% used [0x00000000e0000000,0x00000000e0000000,0x00000000ede80000)
  from space 78336K, 61% used [0x00000000f2d00000,0x00000000f5c162a0,0x00000000f7980000)
  to   space 80384K, 0% used [0x00000000ede80000,0x00000000ede80000,0x00000000f2d00000)
 ParOldGen       total 204288K, used 94201K [0x00000000a0000000, 0x00000000ac780000, 0x00000000e0000000)
  object space 204288K, 46% used [0x00000000a0000000,0x00000000a5bfe558,0x00000000ac780000)
 Metaspace       used 79184K, capacity 82092K, committed 82304K, reserved 1120256K
  class space    used 10088K, capacity 10749K, committed 10880K, reserved 1048576K
}
Event: 1443.956 GC heap before
{Heap before GC invocations=33 (full 4):
 PSYoungGen      total 306176K, used 276056K [0x00000000e0000000, 0x00000000f8a80000, 0x0000000100000000)
  eden space 227840K, 100% used [0x00000000e0000000,0x00000000ede80000,0x00000000ede80000)
  from space 78336K, 61% used [0x00000000f2d00000,0x00000000f5c162a0,0x00000000f7980000)
  to   space 80384K, 0% used [0x00000000ede80000,0x00000000ede80000,0x00000000f2d00000)
 ParOldGen       total 204288K, used 94201K [0x00000000a0000000, 0x00000000ac780000, 0x00000000e0000000)
  object space 204288K, 46% used [0x00000000a0000000,0x00000000a5bfe558,0x00000000ac780000)
 Metaspace       used 79306K, capacity 82172K, committed 82304K, reserved 1120256K
  class space    used 10089K, capacity 10749K, committed 10880K, reserved 1048576K
Event: 1693.794 GC heap after
Heap after GC invocations=33 (full 4):
 PSYoungGen      total 308224K, used 47671K [0x00000000e0000000, 0x00000000fb780000, 0x0000000100000000)
  eden space 227840K, 0% used [0x00000000e0000000,0x00000000e0000000,0x00000000ede80000)
  from space 80384K, 59% used [0x00000000ede80000,0x00000000f0d0dce8,0x00000000f2d00000)
  to   space 81408K, 0% used [0x00000000f6800000,0x00000000f6800000,0x00000000fb780000)
 ParOldGen       total 204288K, used 94209K [0x00000000a0000000, 0x00000000ac780000, 0x00000000e0000000)
  object space 204288K, 46% used [0x00000000a0000000,0x00000000a5c00558,0x00000000ac780000)
 Metaspace       used 79306K, capacity 82172K, committed 82304K, reserved 1120256K
  class space    used 10089K, capacity 10749K, committed 10880K, reserved 1048576K
}

